  stdafx.cpp
  BasicThreadPool.cpp
  ctools.cpp
  FacVec.cpp
c:\users\aober\desktop\疫期线上\code\winntl-11_4_3\include\ntl\lip.h(399): warning C4146: 一元负运算符应用于无符号类型，结果仍为无符号类型
  FFT.cpp
c:\users\aober\desktop\疫期线上\code\winntl-11_4_3\include\ntl\lip.h(399): warning C4146: 一元负运算符应用于无符号类型，结果仍为无符号类型
  fileio.cpp
c:\users\aober\desktop\疫期线上\code\winntl-11_4_3\src\fileio.cpp(59): warning C4996: 'strcpy': This function or variable may be unsafe. Consider using strcpy_s instead. To disable deprecation, use _CRT_SECURE_NO_WARNINGS. See online help for details.
  c:\program files (x86)\windows kits\10\include\10.0.17763.0\ucrt\string.h(133): note: 参见“strcpy”的声明
c:\users\aober\desktop\疫期线上\code\winntl-11_4_3\src\fileio.cpp(118): warning C4244: “初始化”: 从“time_t”转换到“unsigned long”，可能丢失数据
  GetPID.cpp
  GetTime.cpp
  GF2.cpp
c:\users\aober\desktop\疫期线上\code\winntl-11_4_3\include\ntl\lip.h(399): warning C4146: 一元负运算符应用于无符号类型，结果仍为无符号类型
  GF2E.cpp
c:\users\aober\desktop\疫期线上\code\winntl-11_4_3\include\ntl\lip.h(399): warning C4146: 一元负运算符应用于无符号类型，结果仍为无符号类型
  GF2EX.cpp
c:\users\aober\desktop\疫期线上\code\winntl-11_4_3\include\ntl\lip.h(399): warning C4146: 一元负运算符应用于无符号类型，结果仍为无符号类型
  GF2EXFactoring.cpp
c:\users\aober\desktop\疫期线上\code\winntl-11_4_3\include\ntl\lip.h(399): warning C4146: 一元负运算符应用于无符号类型，结果仍为无符号类型
  GF2X.cpp
c:\users\aober\desktop\疫期线上\code\winntl-11_4_3\include\ntl\lip.h(399): warning C4146: 一元负运算符应用于无符号类型，结果仍为无符号类型
c:\users\aober\desktop\疫期线上\code\winntl-11_4_3\src\gf2x.cpp(566): warning C4146: 一元负运算符应用于无符号类型，结果仍为无符号类型
c:\users\aober\desktop\疫期线上\code\winntl-11_4_3\src\gf2x.cpp(585): warning C4146: 一元负运算符应用于无符号类型，结果仍为无符号类型
c:\users\aober\desktop\疫期线上\code\winntl-11_4_3\src\gf2x.cpp(615): warning C4146: 一元负运算符应用于无符号类型，结果仍为无符号类型
c:\users\aober\desktop\疫期线上\code\winntl-11_4_3\src\gf2x.cpp(643): warning C4146: 一元负运算符应用于无符号类型，结果仍为无符号类型
c:\users\aober\desktop\疫期线上\code\winntl-11_4_3\src\gf2x.cpp(691): warning C4146: 一元负运算符应用于无符号类型，结果仍为无符号类型
  GF2X1.cpp
c:\users\aober\desktop\疫期线上\code\winntl-11_4_3\include\ntl\lip.h(399): warning C4146: 一元负运算符应用于无符号类型，结果仍为无符号类型
  GF2XFactoring.cpp
c:\users\aober\desktop\疫期线上\code\winntl-11_4_3\include\ntl\lip.h(399): warning C4146: 一元负运算符应用于无符号类型，结果仍为无符号类型
  GF2XVec.cpp
c:\users\aober\desktop\疫期线上\code\winntl-11_4_3\include\ntl\lip.h(399): warning C4146: 一元负运算符应用于无符号类型，结果仍为无符号类型
  G_LLL_FP.cpp
c:\users\aober\desktop\疫期线上\code\winntl-11_4_3\include\ntl\lip.h(399): warning C4146: 一元负运算符应用于无符号类型，结果仍为无符号类型
  G_LLL_QP.cpp
c:\users\aober\desktop\疫期线上\code\winntl-11_4_3\include\ntl\lip.h(399): warning C4146: 一元负运算符应用于无符号类型，结果仍为无符号类型
  G_LLL_RR.cpp
c:\users\aober\desktop\疫期线上\code\winntl-11_4_3\include\ntl\lip.h(399): warning C4146: 一元负运算符应用于无符号类型，结果仍为无符号类型
  G_LLL_XD.cpp
c:\users\aober\desktop\疫期线上\code\winntl-11_4_3\include\ntl\lip.h(399): warning C4146: 一元负运算符应用于无符号类型，结果仍为无符号类型
  HNF.cpp
c:\users\aober\desktop\疫期线上\code\winntl-11_4_3\include\ntl\lip.h(399): warning C4146: 一元负运算符应用于无符号类型，结果仍为无符号类型
  正在生成代码...
  正在编译...
  lip.cpp
c:\users\aober\desktop\疫期线上\code\winntl-11_4_3\include\ntl\lip.h(399): warning C4146: 一元负运算符应用于无符号类型，结果仍为无符号类型
c:\users\aober\desktop\疫期线上\code\winntl-11_4_3\src\lip.cpp(111): warning C4146: 一元负运算符应用于无符号类型，结果仍为无符号类型
c:\users\aober\desktop\疫期线上\code\winntl-11_4_3\src\lip.cpp(538): warning C4146: 一元负运算符应用于无符号类型，结果仍为无符号类型
c:\users\aober\desktop\疫期线上\code\winntl-11_4_3\src\lip.cpp(1751): warning C4146: 一元负运算符应用于无符号类型，结果仍为无符号类型
c:\users\aober\desktop\疫期线上\code\winntl-11_4_3\src\lip.cpp(2227): warning C4146: 一元负运算符应用于无符号类型，结果仍为无符号类型
c:\users\aober\desktop\疫期线上\code\winntl-11_4_3\src\lip.cpp(2915): warning C4101: “alias”: 未引用的局部变量
c:\users\aober\desktop\疫期线上\code\winntl-11_4_3\src\lip.cpp(3117): warning C4101: “alias”: 未引用的局部变量
c:\users\aober\desktop\疫期线上\code\winntl-11_4_3\src\lip.cpp(5462): warning C4146: 一元负运算符应用于无符号类型，结果仍为无符号类型
c:\users\aober\desktop\疫期线上\code\winntl-11_4_3\src\lip.cpp(8337): warning C4146: 一元负运算符应用于无符号类型，结果仍为无符号类型
  LLL.cpp
c:\users\aober\desktop\疫期线上\code\winntl-11_4_3\include\ntl\lip.h(399): warning C4146: 一元负运算符应用于无符号类型，结果仍为无符号类型
  LLL_FP.cpp
c:\users\aober\desktop\疫期线上\code\winntl-11_4_3\include\ntl\lip.h(399): warning C4146: 一元负运算符应用于无符号类型，结果仍为无符号类型
  LLL_QP.cpp
c:\users\aober\desktop\疫期线上\code\winntl-11_4_3\include\ntl\lip.h(399): warning C4146: 一元负运算符应用于无符号类型，结果仍为无符号类型
  LLL_RR.cpp
c:\users\aober\desktop\疫期线上\code\winntl-11_4_3\include\ntl\lip.h(399): warning C4146: 一元负运算符应用于无符号类型，结果仍为无符号类型
  LLL_XD.cpp
c:\users\aober\desktop\疫期线上\code\winntl-11_4_3\include\ntl\lip.h(399): warning C4146: 一元负运算符应用于无符号类型，结果仍为无符号类型
  lzz_p.cpp
c:\users\aober\desktop\疫期线上\code\winntl-11_4_3\include\ntl\lip.h(399): warning C4146: 一元负运算符应用于无符号类型，结果仍为无符号类型
  lzz_pE.cpp
c:\users\aober\desktop\疫期线上\code\winntl-11_4_3\include\ntl\lip.h(399): warning C4146: 一元负运算符应用于无符号类型，结果仍为无符号类型
  lzz_pEX.cpp
c:\users\aober\desktop\疫期线上\code\winntl-11_4_3\include\ntl\lip.h(399): warning C4146: 一元负运算符应用于无符号类型，结果仍为无符号类型
  lzz_pEXFactoring.cpp
c:\users\aober\desktop\疫期线上\code\winntl-11_4_3\include\ntl\lip.h(399): warning C4146: 一元负运算符应用于无符号类型，结果仍为无符号类型
  lzz_pX.cpp
c:\users\aober\desktop\疫期线上\code\winntl-11_4_3\include\ntl\lip.h(399): warning C4146: 一元负运算符应用于无符号类型，结果仍为无符号类型
  lzz_pX1.cpp
c:\users\aober\desktop\疫期线上\code\winntl-11_4_3\include\ntl\lip.h(399): warning C4146: 一元负运算符应用于无符号类型，结果仍为无符号类型
  lzz_pXCharPoly.cpp
c:\users\aober\desktop\疫期线上\code\winntl-11_4_3\include\ntl\lip.h(399): warning C4146: 一元负运算符应用于无符号类型，结果仍为无符号类型
  lzz_pXFactoring.cpp
c:\users\aober\desktop\疫期线上\code\winntl-11_4_3\include\ntl\lip.h(399): warning C4146: 一元负运算符应用于无符号类型，结果仍为无符号类型
  MatPrime.cpp
c:\users\aober\desktop\疫期线上\code\winntl-11_4_3\include\ntl\lip.h(399): warning C4146: 一元负运算符应用于无符号类型，结果仍为无符号类型
c:\users\aober\desktop\疫期线上\code\winntl-11_4_3\src\matprime.cpp(162): warning C4101: “w”: 未引用的局部变量
  mat_GF2.cpp
c:\users\aober\desktop\疫期线上\code\winntl-11_4_3\include\ntl\lip.h(399): warning C4146: 一元负运算符应用于无符号类型，结果仍为无符号类型
  mat_GF2E.cpp
c:\users\aober\desktop\疫期线上\code\winntl-11_4_3\include\ntl\lip.h(399): warning C4146: 一元负运算符应用于无符号类型，结果仍为无符号类型
  mat_lzz_p.cpp
c:\users\aober\desktop\疫期线上\code\winntl-11_4_3\include\ntl\lip.h(399): warning C4146: 一元负运算符应用于无符号类型，结果仍为无符号类型
  mat_lzz_pE.cpp
c:\users\aober\desktop\疫期线上\code\winntl-11_4_3\include\ntl\lip.h(399): warning C4146: 一元负运算符应用于无符号类型，结果仍为无符号类型
  mat_poly_lzz_p.cpp
c:\users\aober\desktop\疫期线上\code\winntl-11_4_3\include\ntl\lip.h(399): warning C4146: 一元负运算符应用于无符号类型，结果仍为无符号类型
  正在生成代码...
  正在编译...
  mat_poly_ZZ.cpp
c:\users\aober\desktop\疫期线上\code\winntl-11_4_3\include\ntl\lip.h(399): warning C4146: 一元负运算符应用于无符号类型，结果仍为无符号类型
  mat_poly_ZZ_p.cpp
c:\users\aober\desktop\疫期线上\code\winntl-11_4_3\include\ntl\lip.h(399): warning C4146: 一元负运算符应用于无符号类型，结果仍为无符号类型
  mat_RR.cpp
c:\users\aober\desktop\疫期线上\code\winntl-11_4_3\include\ntl\lip.h(399): warning C4146: 一元负运算符应用于无符号类型，结果仍为无符号类型
  mat_ZZ.cpp
c:\users\aober\desktop\疫期线上\code\winntl-11_4_3\include\ntl\lip.h(399): warning C4146: 一元负运算符应用于无符号类型，结果仍为无符号类型
  mat_ZZ_p.cpp
c:\users\aober\desktop\疫期线上\code\winntl-11_4_3\include\ntl\lip.h(399): warning C4146: 一元负运算符应用于无符号类型，结果仍为无符号类型
  mat_ZZ_pE.cpp
c:\users\aober\desktop\疫期线上\code\winntl-11_4_3\include\ntl\lip.h(399): warning C4146: 一元负运算符应用于无符号类型，结果仍为无符号类型
  pd_FFT.cpp
  quad_float.cpp
c:\users\aober\desktop\疫期线上\code\winntl-11_4_3\include\ntl\lip.h(399): warning C4146: 一元负运算符应用于无符号类型，结果仍为无符号类型
  quad_float1.cpp
c:\users\aober\desktop\疫期线上\code\winntl-11_4_3\include\ntl\lip.h(399): warning C4146: 一元负运算符应用于无符号类型，结果仍为无符号类型
c:\users\aober\desktop\疫期线上\code\winntl-11_4_3\src\quad_float1.cpp(78): warning C4146: 一元负运算符应用于无符号类型，结果仍为无符号类型
  RR.cpp
c:\users\aober\desktop\疫期线上\code\winntl-11_4_3\include\ntl\lip.h(399): warning C4146: 一元负运算符应用于无符号类型，结果仍为无符号类型
  thread.cpp
  tools.cpp
  vec_GF2.cpp
c:\users\aober\desktop\疫期线上\code\winntl-11_4_3\include\ntl\lip.h(399): warning C4146: 一元负运算符应用于无符号类型，结果仍为无符号类型
  vec_GF2E.cpp
c:\users\aober\desktop\疫期线上\code\winntl-11_4_3\include\ntl\lip.h(399): warning C4146: 一元负运算符应用于无符号类型，结果仍为无符号类型
  vec_lzz_p.cpp
c:\users\aober\desktop\疫期线上\code\winntl-11_4_3\include\ntl\lip.h(399): warning C4146: 一元负运算符应用于无符号类型，结果仍为无符号类型
c:\users\aober\desktop\疫期线上\code\winntl-11_4_3\src\vec_lzz_p.cpp(10): warning C4101: “i”: 未引用的局部变量
c:\users\aober\desktop\疫期线上\code\winntl-11_4_3\src\vec_lzz_p.cpp(21): warning C4101: “i”: 未引用的局部变量
  vec_lzz_pE.cpp
c:\users\aober\desktop\疫期线上\code\winntl-11_4_3\include\ntl\lip.h(399): warning C4146: 一元负运算符应用于无符号类型，结果仍为无符号类型
  vec_RR.cpp
c:\users\aober\desktop\疫期线上\code\winntl-11_4_3\include\ntl\lip.h(399): warning C4146: 一元负运算符应用于无符号类型，结果仍为无符号类型
  vec_ZZ.cpp
c:\users\aober\desktop\疫期线上\code\winntl-11_4_3\include\ntl\lip.h(399): warning C4146: 一元负运算符应用于无符号类型，结果仍为无符号类型
  vec_ZZ_p.cpp
c:\users\aober\desktop\疫期线上\code\winntl-11_4_3\include\ntl\lip.h(399): warning C4146: 一元负运算符应用于无符号类型，结果仍为无符号类型
  vec_ZZ_pE.cpp
c:\users\aober\desktop\疫期线上\code\winntl-11_4_3\include\ntl\lip.h(399): warning C4146: 一元负运算符应用于无符号类型，结果仍为无符号类型
  正在生成代码...
  正在编译...
  WordVector.cpp
c:\users\aober\desktop\疫期线上\code\winntl-11_4_3\include\ntl\lip.h(399): warning C4146: 一元负运算符应用于无符号类型，结果仍为无符号类型
  xdouble.cpp
c:\users\aober\desktop\疫期线上\code\winntl-11_4_3\include\ntl\lip.h(399): warning C4146: 一元负运算符应用于无符号类型，结果仍为无符号类型
  ZZ.cpp
c:\users\aober\desktop\疫期线上\code\winntl-11_4_3\include\ntl\lip.h(399): warning C4146: 一元负运算符应用于无符号类型，结果仍为无符号类型
c:\users\aober\desktop\疫期线上\code\winntl-11_4_3\src\zz.cpp(381): warning C4146: 一元负运算符应用于无符号类型，结果仍为无符号类型
c:\users\aober\desktop\疫期线上\code\winntl-11_4_3\src\zz.cpp(643): warning C4146: 一元负运算符应用于无符号类型，结果仍为无符号类型
c:\users\aober\desktop\疫期线上\code\winntl-11_4_3\src\zz.cpp(647): warning C4146: 一元负运算符应用于无符号类型，结果仍为无符号类型
c:\users\aober\desktop\疫期线上\code\winntl-11_4_3\src\zz.cpp(658): warning C4146: 一元负运算符应用于无符号类型，结果仍为无符号类型
c:\users\aober\desktop\疫期线上\code\winntl-11_4_3\src\zz.cpp(849): warning C4146: 一元负运算符应用于无符号类型，结果仍为无符号类型
c:\users\aober\desktop\疫期线上\code\winntl-11_4_3\src\zz.cpp(2806): warning C4244: “=”: 从“unsigned long”转换到“unsigned char”，可能丢失数据
c:\users\aober\desktop\疫期线上\code\winntl-11_4_3\src\zz.cpp(2807): warning C4244: “=”: 从“unsigned long”转换到“unsigned char”，可能丢失数据
c:\users\aober\desktop\疫期线上\code\winntl-11_4_3\src\zz.cpp(2968): warning C4146: 一元负运算符应用于无符号类型，结果仍为无符号类型
c:\users\aober\desktop\疫期线上\code\winntl-11_4_3\src\zz.cpp(2972): warning C4146: 一元负运算符应用于无符号类型，结果仍为无符号类型
c:\users\aober\desktop\疫期线上\code\winntl-11_4_3\src\zz.cpp(2984): warning C4146: 一元负运算符应用于无符号类型，结果仍为无符号类型
  ZZVec.cpp
c:\users\aober\desktop\疫期线上\code\winntl-11_4_3\include\ntl\lip.h(399): warning C4146: 一元负运算符应用于无符号类型，结果仍为无符号类型
  ZZX.cpp
c:\users\aober\desktop\疫期线上\code\winntl-11_4_3\include\ntl\lip.h(399): warning C4146: 一元负运算符应用于无符号类型，结果仍为无符号类型
  ZZX1.cpp
c:\users\aober\desktop\疫期线上\code\winntl-11_4_3\include\ntl\lip.h(399): warning C4146: 一元负运算符应用于无符号类型，结果仍为无符号类型
c:\users\aober\desktop\疫期线上\code\winntl-11_4_3\src\zzx1.cpp(1656): warning C4101: “i”: 未引用的局部变量
  ZZXCharPoly.cpp
c:\users\aober\desktop\疫期线上\code\winntl-11_4_3\include\ntl\lip.h(399): warning C4146: 一元负运算符应用于无符号类型，结果仍为无符号类型
  ZZXFactoring.cpp
c:\users\aober\desktop\疫期线上\code\winntl-11_4_3\include\ntl\lip.h(399): warning C4146: 一元负运算符应用于无符号类型，结果仍为无符号类型
c:\users\aober\desktop\疫期线上\code\winntl-11_4_3\src\zzxfactoring.cpp(1279): warning C4146: 一元负运算符应用于无符号类型，结果仍为无符号类型
c:\users\aober\desktop\疫期线上\code\winntl-11_4_3\src\zzxfactoring.cpp(1281): warning C4146: 一元负运算符应用于无符号类型，结果仍为无符号类型
  ZZ_p.cpp
c:\users\aober\desktop\疫期线上\code\winntl-11_4_3\include\ntl\lip.h(399): warning C4146: 一元负运算符应用于无符号类型，结果仍为无符号类型
  ZZ_pE.cpp
c:\users\aober\desktop\疫期线上\code\winntl-11_4_3\include\ntl\lip.h(399): warning C4146: 一元负运算符应用于无符号类型，结果仍为无符号类型
  ZZ_pEX.cpp
c:\users\aober\desktop\疫期线上\code\winntl-11_4_3\include\ntl\lip.h(399): warning C4146: 一元负运算符应用于无符号类型，结果仍为无符号类型
  ZZ_pEXFactoring.cpp
c:\users\aober\desktop\疫期线上\code\winntl-11_4_3\include\ntl\lip.h(399): warning C4146: 一元负运算符应用于无符号类型，结果仍为无符号类型
  ZZ_pX.cpp
c:\users\aober\desktop\疫期线上\code\winntl-11_4_3\include\ntl\lip.h(399): warning C4146: 一元负运算符应用于无符号类型，结果仍为无符号类型
c:\users\aober\desktop\疫期线上\code\winntl-11_4_3\src\zz_px.cpp(2244): warning C4101: “l”: 未引用的局部变量
  ZZ_pX1.cpp
c:\users\aober\desktop\疫期线上\code\winntl-11_4_3\include\ntl\lip.h(399): warning C4146: 一元负运算符应用于无符号类型，结果仍为无符号类型
  ZZ_pXCharPoly.cpp
c:\users\aober\desktop\疫期线上\code\winntl-11_4_3\include\ntl\lip.h(399): warning C4146: 一元负运算符应用于无符号类型，结果仍为无符号类型
  ZZ_pXFactoring.cpp
c:\users\aober\desktop\疫期线上\code\winntl-11_4_3\include\ntl\lip.h(399): warning C4146: 一元负运算符应用于无符号类型，结果仍为无符号类型
  正在生成代码...
  NTL.vcxproj -> C:\Users\Aober\source\repos\codeAESDES\Debug\NTL.lib
